<?xml version="1.0" encoding="UTF-8"?>
<!-- Generated by org.testng.reporters.JUnitReportReporter -->
<testsuite skipped="0" hostname="LAPTOP-KD9ESADT" name="org.test.Kriyatech_Interview.Scenario1" tests="2" failures="0" timestamp="12 Oct 2021 11:27:28 GMT" time="11.978" errors="0">
  <testcase name="TestCase1" time="10.125" classname="org.test.Kriyatech_Interview.Scenario1"/>
  <testcase name="TestCase2" time="1.853" classname="org.test.Kriyatech_Interview.Scenario1"/>
</testsuite> <!-- org.test.Kriyatech_Interview.Scenario1 -->
