<?xml version="1.0" encoding="UTF-8"?>
<!-- Generated by org.testng.reporters.JUnitReportReporter -->
<testsuite skipped="0" hostname="LAPTOP-KD9ESADT" name="org.test.Kriyatech_Interview.Scenario3" tests="2" failures="0" timestamp="12 Oct 2021 11:30:31 GMT" time="8.498" errors="0">
  <testcase name="TestCase1" time="3.425" classname="org.test.Kriyatech_Interview.Scenario3"/>
  <testcase name="TestCase2" time="5.073" classname="org.test.Kriyatech_Interview.Scenario3"/>
</testsuite> <!-- org.test.Kriyatech_Interview.Scenario3 -->
