<?xml version="1.0" encoding="UTF-8"?>
<!-- Generated by org.testng.reporters.JUnitReportReporter -->
<testsuite skipped="0" hostname="LAPTOP-KD9ESADT" name="org.test.Kriyatech_Interview.Scenario2" tests="2" failures="0" timestamp="12 Oct 2021 11:34:52 GMT" time="11.742" errors="0">
  <testcase name="TestCase1" time="4.057" classname="org.test.Kriyatech_Interview.Scenario2"/>
  <testcase name="TestCase2" time="7.685" classname="org.test.Kriyatech_Interview.Scenario2"/>
</testsuite> <!-- org.test.Kriyatech_Interview.Scenario2 -->
